{'Dense': 128, 'Dropout': 0.002264344723954974, 'Dropout_1': 0.2900787805642855, 'batch_size': 32, 'filters': 32, 'optimizer': 'nadam'}
{'Dense': 512, 'Dropout': 0.02690522038159268, 'Dropout_1': 0.011765517469067094, 'batch_size': 64, 'filters': 32, 'optimizer': 'nadam'}
{'Dense': 128, 'Dropout': 0.044753846565893714, 'Dropout_1': 0.04310000842001521, 'batch_size': 32, 'filters': 32, 'optimizer': 'nadam'}
{'Dense': 512, 'Dropout': 0.036459287808666654, 'Dropout_1': 0.16029311711821462, 'batch_size': 128, 'filters': 64, 'optimizer': 'nadam'}
{'Dense': 256, 'Dropout': 0.026648789729431493, 'Dropout_1': 0.11933024785100171, 'batch_size': 64, 'filters': 64, 'optimizer': 'nadam'}
{'Dense': 1024, 'Dropout': 0.0024426169798841824, 'Dropout_1': 0.0818016168916952, 'batch_size': 128, 'filters': 32, 'optimizer': 'nadam'}
{'optimizer': 'nadam', 'lr': 0.0011351251112733669}
{'optimizer': 'adamax'}
{'Dropout': 0.2935245491872076, 'Dropout_1': 0.026309854371732944}
{'lr': 0.001}

def get_space():
    return {
        'Dropout': hp.choice('Dropout', [0.1, 0.2, 0.3, 0.4, 0.5]),
        'Dropout_1': hp.choice('Dropout_1', [0.1, 0.2, 0.3, 0.4, 0.5]),
        'Dense': hp.choice('Dense', [128, 256, 512]),
        'lr': hp.choice('lr', [0.001, 0.002, 0.003, 0.004]),
    }

{'Dense': 256, 'Dropout': 0.1, 'Dropout_1': 0.2, 'lr': 0.001}

def get_space():
    return {
        'Dropout': hp.choice('Dropout', [0.1, 0.2, 0.3, 0.4, 0.5]),
        'Dropout_1': hp.choice('Dropout_1', [0.1, 0.2, 0.3, 0.4, 0.5]),
        'Dense': hp.choice('Dense', [128, 256, 512]),
        'lr': hp.choice('lr', [0.001, 0.002, 0.003, 0.004]),
    }

{'Dense': 512, 'Dropout': 0.1, 'Dropout_1': 0.1, 'lr': 0.001}

def get_space():
    return {
        'Dropout': hp.choice('Dropout', [0.1, 0.2, 0.3, 0.4, 0.5]),
        'filters': hp.choice('filters', [32, 64, 128]),
        'Dropout_1': hp.choice('Dropout_1', [0.1, 0.2, 0.3, 0.4, 0.5]),
        'Dense': hp.choice('Dense', [128, 256, 512]),
        'lr': hp.choice('lr', [0.001, 0.002, 0.003, 0.004]),
        'batch_size': hp.choice('batch_size', [32, 64, 128, 256]),
    }

{'Dense': 256, 'Dropout': 0.1, 'Dropout_1': 0.2, 'batch_size': 128, 'filters': 128, 'lr': 0.002}
