{'LSTM': 1024, 'batch_size': 32, 'optimizer': 'adamax'}
{'LSTM': 256, 'batch_size': 32, 'optimizer': 'nadam'}
{'LSTM': 256, 'batch_size': 32, 'optimizer': 'nadam'}
{'LSTM': 512, 'batch_size': 32, 'optimizer': 'nadam'}
{'LSTM': 512, 'batch_size': 32, 'optimizer': 'nadam'}
{'LSTM': 512}
{'LSTM': 2048}
{'optimizer': 'nadam'}
{'batch_size': 32}
{'dropout': 0.2, 'dropout_1': 0.3}
{'Dropout': 0.26487054578524677}
{'Dropout': 0.2757415419712058}
{'Dropout': 0.5300204423739955}

def get_space():
    return {
        'LSTM': hp.choice('LSTM', [128, 256, 512]),
        'Dropout': hp.choice('Dropout', [0.1, 0.2, 0.3, 0.4, 0.5]),
        'lr': hp.choice('lr', [0.001, 0.002, 0.003, 0.004]),
    }

{'Dropout': 0.3, 'LSTM': 512, 'lr': 0.004}

def get_space():
    return {
        'LSTM': hp.choice('LSTM', [128, 256, 512]),
        'dropout': hp.choice('dropout', [0.1, 0.2, 0.3, 0.4, 0.5]),
        'dropout_1': hp.choice('dropout_1', [0.1, 0.2, 0.3, 0.4, 0.5]),
        'lr': hp.choice('lr', [0.001, 0.002, 0.003, 0.004]),
        'batch_size': hp.choice('batch_size', [32, 64, 128, 256]),
    }

{'LSTM': 512, 'batch_size': 32, 'dropout': 0.1, 'dropout_1': 0.5, 'lr': 0.002}

def get_space():
    return {
        'epochs': hp.choice('epochs', [10, 15, 20, 25, 30, 35, 40, 45, 50, 55, 60, 65, 70, 75, 80, 85 ,90, 95, 100]),
    }

{'epochs': 30}
