{'SimpleRNN': 128, 'batch_size': 64, 'optimizer': 'nadam'}
{'SimpleRNN': 256, 'batch_size': 32, 'optimizer': 'nadam'}
{'SimpleRNN': 256, 'batch_size': 32, 'optimizer': 'nadam'}
{'SimpleRNN': 256, 'batch_size': 32, 'optimizer': 'nadam'}
{'SimpleRNN': 256, 'batch_size': 32, 'optimizer': 'nadam'}
{'SimpleRNN': 256, 'batch_size': 32, 'optimizer': 'nadam'}
{'optimizer': 'nadam'}
{'SimpleRNN': 256}
{'dropout': 0.1, 'dropout_1': 0.2}

def get_space():
    return {
        'SimpleRNN': hp.choice('SimpleRNN', [128, 256, 512]),
        'dropout': hp.choice('dropout', [0.1, 0.2, 0.3, 0.4, 0.5]),
        'dropout_1': hp.choice('dropout_1', [0.1, 0.2, 0.3, 0.4, 0.5]),
        'lr': hp.choice('lr', [0.001, 0.002, 0.003, 0.004]),
    }

{'SimpleRNN': 256, 'dropout': 0.1, 'dropout_1': 0.1, 'lr': 0.004}

def get_space():
    return {
        'SimpleRNN': hp.choice('SimpleRNN', [128, 256, 512]),
        'dropout': hp.choice('dropout', [0.1, 0.2, 0.3, 0.4, 0.5]),
        'dropout_1': hp.choice('dropout_1', [0.1, 0.2, 0.3, 0.4, 0.5]),
        'lr': hp.choice('lr', [0.001, 0.002, 0.003, 0.004]),
    }

{'SimpleRNN': 256, 'dropout': 0.1, 'dropout_1': 0.1, 'lr': 0.004}

def get_space():
    return {
        'SimpleRNN': hp.choice('SimpleRNN', [128, 256, 512]),
        'dropout': hp.choice('dropout', [0.1, 0.2, 0.3, 0.4, 0.5]),
        'dropout_1': hp.choice('dropout_1', [0.1, 0.2, 0.3, 0.4, 0.5]),
        'lr': hp.choice('lr', [0.001, 0.002, 0.003, 0.004]),
        'batch_size': hp.choice('batch_size', [32, 64, 128, 256]),
    }

{'SimpleRNN': 512, 'batch_size': 32, 'dropout': 0.1, 'dropout_1': 0.2, 'lr': 0.002}

def get_space():
    return {
        'epochs': hp.choice('epochs', [10, 20, 30, 40, 50, 60 ,70, 80 ,90]),
    }

{'epochs': 80}
